2014-10-25 14:16:55,512 - __main__ - INFO - Test Test
2014-10-25 14:16:55,747 - __main__ - INFO - Test Test
2014-10-25 14:17:47,350 - __main__ - INFO - Test Test
2014-10-25 14:18:26,861 - __main__ - INFO - Test Test
2014-10-25 14:18:39,401 - __main__ - INFO - Loading user_input.html
2014-10-25 14:21:00,082 - config - INFO - Loading user_input.html
2014-10-25 14:21:00,082 - config - INFO - Loading user_input.html
2014-10-25 14:28:39,550 - __main__ - INFO - Loading user_input.html
2014-10-25 14:43:50,506 - __main__ - INFO - +17808635715 answered. Message delivered live
2014-10-25 15:01:30,816 - __main__ - INFO - +17808635715 answered. Message delivered live
2014-10-25 15:04:12,919 - __main__ - INFO - +17808635715 answered. Message delivered live
2014-10-25 15:06:57,017 - __main__ - INFO - +17808635715 answered. Message delivered live
2014-10-25 15:06:59,427 - __main__ - INFO - +17808635715 Leaving voicemail.
2014-10-25 15:16:06,208 - __main__ - INFO - test init
2014-10-25 15:17:35,426 - __main__ - DEBUG - Call answered [('Direction', u'outbound'), ('From', u'17804138846'), ('CallerName', u'Winnifred Stewart Association'), ('ALegUUID', u'4f242a52-5c8c-11e4-93b8-97ac087fd512'), ('BillRate', u'0.01200'), ('To', u'17808635715'), ('CallUUID', u'4f242a52-5c8c-11e4-93b8-97ac087fd512'), ('ALegRequestUUID', u'f6307347-8113-4d04-9bd0-991940bfdbbd'), ('RequestUUID', u'f6307347-8113-4d04-9bd0-991940bfdbbd'), ('CallStatus', u'in-progress'), ('Event', u'StartApp')]
2014-10-25 15:17:35,431 - __main__ - INFO - +17808635715 answered.
2014-10-25 15:17:37,504 - __main__ - DEBUG - Machine detected. Transferring to voicemail. [('Direction', u'outbound'), ('From', u'17804138846'), ('IfMachine', u'continue'), ('ALegUUID', u'4f242a52-5c8c-11e4-93b8-97ac087fd512'), ('CallerName', u'Winnifred Stewart Association'), ('BillRate', u'0.01200'), ('Machine', u'true'), ('To', u'17808635715'), ('CallUUID', u'4f242a52-5c8c-11e4-93b8-97ac087fd512'), ('ALegRequestUUID', u'f6307347-8113-4d04-9bd0-991940bfdbbd'), ('RequestUUID', u'f6307347-8113-4d04-9bd0-991940bfdbbd'), ('CallStatus', u'in-progress'), ('Event', u'MachineDetection')]
2014-10-25 15:17:37,851 - __main__ - DEBUG - Call routed to leave voicemail. [('Direction', u'outbound'), ('From', u'17804138846'), ('CallerName', u'Winnifred Stewart Association'), ('ALegUUID', u'4f242a52-5c8c-11e4-93b8-97ac087fd512'), ('BillRate', u'0.01200'), ('Machine', u'true'), ('To', u'17808635715'), ('CallUUID', u'4f242a52-5c8c-11e4-93b8-97ac087fd512'), ('ALegRequestUUID', u'f6307347-8113-4d04-9bd0-991940bfdbbd'), ('RequestUUID', u'f6307347-8113-4d04-9bd0-991940bfdbbd'), ('CallStatus', u'in-progress'), ('Event', u'Transfer')]
2014-10-25 15:17:37,853 - __main__ - INFO - +17808635715 Leaving voicemail.
2014-10-25 15:17:50,808 - __main__ - DEBUG - Call hungup [('TotalCost', u'0.01200'), ('AnswerTime', u'2014-10-25 15:17:35'), ('From', u'17804138846'), ('CallerName', u'Winnifred Stewart Association'), ('HangupCause', u'NORMAL_CLEARING'), ('BillRate', u'0.01200'), ('Machine', u'true'), ('To', u'17808635715'), ('CallUUID', u'4f242a52-5c8c-11e4-93b8-97ac087fd512'), ('ALegRequestUUID', u'f6307347-8113-4d04-9bd0-991940bfdbbd'), ('EndTime', u'2014-10-25 15:17:48'), ('CallStatus', u'completed'), ('Direction', u'outbound'), ('ALegUUID', u'4f242a52-5c8c-11e4-93b8-97ac087fd512'), ('BillDuration', u'60'), ('StartTime', u'2014-10-25 15:17:22'), ('Duration', u'14'), ('RequestUUID', u'f6307347-8113-4d04-9bd0-991940bfdbbd'), ('Event', u'Hangup')]
2014-10-25 15:28:22,506 - tasks - INFO - Starting job 544984f99b93873e475b2e10
2014-10-25 15:28:36,084 - __main__ - INFO - +17808635715 answered.
2014-10-25 15:28:38,371 - __main__ - INFO - +17808635715 Leaving voicemail.
2014-10-25 15:57:47,310 - __main__ - INFO - test init
2014-10-25 16:54:56,120 - __main__ - INFO - test init
2014-10-25 17:37:55,918 - __main__ - INFO - +17808635715 Answered.
2014-10-25 17:44:54,887 - __main__ - INFO - +17808635715 Answered.
2014-10-25 17:52:47,569 - __main__ - INFO - +17808635715 Answered.
2014-10-25 17:52:49,090 - __main__ - INFO - +17808635715 Leaving voicemail.
2014-10-25 17:55:06,691 - __main__ - INFO - +17808635715 Answered.
2014-10-25 17:56:43,477 - __main__ - INFO - +17808635715 Answered.
2014-10-25 17:56:45,884 - __main__ - INFO - +17808635715 Leaving voicemail.
2014-10-25 17:59:14,490 - __main__ - INFO - +17808635715 Answered.
2014-10-25 17:59:16,941 - __main__ - INFO - +17808635715 Leaving voicemail.
Starting job 544984f99b93873e475b2e10
2014-10-26 00:51:57,730 - __main__ - INFO - +17808635715 Answered.
2014-10-26 00:52:00,017 - __main__ - INFO - +17808635715 Leaving voicemail.
Starting job 544984f99b93873e475b2e10
2014-10-26 00:54:20,269 - __main__ - INFO - +17808635715 Answered.
2014-10-26 00:54:22,661 - __main__ - INFO - +17808635715 Leaving voicemail.
Starting job 544984f99b93873e475b2e10
2014-10-26 00:55:29,016 - __main__ - INFO - +17808635715 Answered.
2014-10-26 00:55:31,155 - __main__ - INFO - +17808635715 Leaving voicemail.
Starting job 544984f99b93873e475b2e10
+17808635715 Firing call
+7805550191 Firing call
2014-10-26 01:08:14,604 - __main__ - INFO - +17808635715 Answered.
2014-10-26 01:08:16,702 - __main__ - INFO - +17808635715 Leaving voicemail.
Starting job 544984f99b93873e475b2e10
2014-10-26 01:11:10,316 - __main__ - INFO - +17804536707 Answered.
2014-10-26 01:11:11,945 - __main__ - INFO - +17804536707 Leaving voicemail.
2014-10-26 01:11:20,597 - __main__ - INFO - +17808635715 Answered.
2014-10-26 01:11:23,171 - __main__ - INFO - +17808635715 Leaving voicemail.
Starting job 544984f99b93873e475b2e10
+17808635715 Firing call
+17805550191 Firing call
+17804536707 Firing call
2014-10-26 01:13:43,024 - __main__ - INFO - +17804536707 Answered.
2014-10-26 01:13:45,031 - __main__ - INFO - +17804536707 Leaving voicemail.
2014-10-26 01:13:51,266 - __main__ - INFO - +17808635715 Answered.
2014-10-26 01:13:53,614 - __main__ - INFO - +17808635715 Leaving voicemail.
Starting job 544984f99b93873e475b2e10
+17808635715 Firing call
+17805550191 Firing call
+17804536707 Firing call
2014-10-26 01:18:01,877 - __main__ - INFO - +17804536707 Answered.
2014-10-26 01:18:03,825 - __main__ - INFO - +17804536707 Leaving voicemail.
2014-10-26 01:18:09,547 - __main__ - INFO - +17808635715 Answered.
2014-10-26 01:18:11,846 - __main__ - INFO - +17808635715 Leaving voicemail.
2014-10-26 01:18:14,675 - __main__ - INFO - 17804536707 Hungup.
2014-10-26 01:18:22,626 - __main__ - INFO - 17808635715 Hungup.
2014-10-26 01:18:51,432 - __main__ - INFO - 17805550191 Hungup.
Starting job 544984f99b93873e475b2e10
+17808635715 Firing call
+17805550191 Firing call
+17804536707 Firing call
2014-10-26 01:19:50,894 - __main__ - INFO - +17804536707 Answered.
2014-10-26 01:19:53,066 - __main__ - INFO - +17804536707 Leaving voicemail.
2014-10-26 01:19:57,858 - __main__ - INFO - +17808635715 Answered.
2014-10-26 01:19:59,948 - __main__ - INFO - +17808635715 Leaving voicemail.
2014-10-26 01:20:04,276 - __main__ - INFO - 17804536707 Hungup.
2014-10-26 01:20:04,276 - __main__ - INFO - Call hungup [('TotalCost', u'0.01200'), ('AnswerTime', u'2014-10-26 01:19:50'), ('From', u'17804138846'), ('CallerName', u'Winnifred Stewart Association'), ('HangupCause', u'NORMAL_CLEARING'), ('BillRate', u'0.01200'), ('Machine', u'true'), ('To', u'17804536707'), ('CallUUID', u'7757c642-5ce0-11e4-9269-bbb605259247'), ('ALegRequestUUID', u'c2180bd2-d4af-4a67-9ded-871d8fd9566c'), ('EndTime', u'2014-10-26 01:20:03'), ('CallStatus', u'completed'), ('Direction', u'outbound'), ('ALegUUID', u'7757c642-5ce0-11e4-9269-bbb605259247'), ('BillDuration', u'60'), ('StartTime', u'2014-10-26 01:19:47'), ('Duration', u'14'), ('RequestUUID', u'c2180bd2-d4af-4a67-9ded-871d8fd9566c'), ('Event', u'Hangup')]
2014-10-26 01:20:10,805 - __main__ - INFO - 17808635715 Hungup.
2014-10-26 01:20:10,805 - __main__ - INFO - Call hungup [('TotalCost', u'0.01200'), ('AnswerTime', u'2014-10-26 01:19:57'), ('From', u'17804138846'), ('CallerName', u'Winnifred Stewart Association'), ('HangupCause', u'NORMAL_CLEARING'), ('BillRate', u'0.01200'), ('Machine', u'true'), ('To', u'17808635715'), ('CallUUID', u'76d455a0-5ce0-11e4-9261-bbb605259247'), ('ALegRequestUUID', u'f1dc4792-4338-454a-8866-e0cca1f01d0b'), ('EndTime', u'2014-10-26 01:20:10'), ('CallStatus', u'completed'), ('Direction', u'outbound'), ('ALegUUID', u'76d455a0-5ce0-11e4-9261-bbb605259247'), ('BillDuration', u'60'), ('StartTime', u'2014-10-26 01:19:46'), ('Duration', u'13'), ('RequestUUID', u'f1dc4792-4338-454a-8866-e0cca1f01d0b'), ('Event', u'Hangup')]
2014-10-26 01:20:27,769 - __main__ - INFO - 17805550191 Hungup.
2014-10-26 01:20:27,769 - __main__ - INFO - Call hungup [('TotalCost', u'0.00000'), ('HangupCause', u'NORMAL_TEMPORARY_FAILURE'), ('From', u'+17804138846'), ('CallerName', u'Winnifred Stewart Association'), ('BillDuration', u'0'), ('BillRate', u'0.01200'), ('To', u'17805550191'), ('AnswerTime', u''), ('CallUUID', u'77257c28-5ce0-11e4-9265-bbb605259247'), ('EndTime', u'2014-10-26 01:20:27'), ('CallStatus', u'failed'), ('Direction', u'outbound'), ('StartTime', u'2014-10-26 01:19:46'), ('Duration', u'0'), ('RequestUUID', u'ebecb4ad-9bbe-4003-aa93-55315eaca5b7'), ('Event', u'Hangup')]
Starting job 544984f99b93873e475b2e10
2014-10-26 01:24:26,545 - __main__ - INFO - +17804536707 Answered.
2014-10-26 01:24:28,232 - __main__ - INFO - +17804536707 Leaving voicemail.
2014-10-26 01:24:33,958 - __main__ - INFO - +17808635715 Answered.
2014-10-26 01:24:36,250 - __main__ - INFO - +17808635715 Leaving voicemail.
2014-10-26 01:24:39,035 - __main__ - INFO - 17804536707 Hungup.
2014-10-26 01:24:39,036 - __main__ - INFO - Call hungup [('TotalCost', u'0.01200'), ('AnswerTime', u'2014-10-26 01:24:26'), ('From', u'17804138846'), ('CallerName', u'Winnifred Stewart Association'), ('HangupCause', u'NORMAL_CLEARING'), ('BillRate', u'0.01200'), ('Machine', u'true'), ('To', u'17804536707'), ('CallUUID', u'1b793e40-5ce1-11e4-91b5-d5d5cc6dbb5b'), ('ALegRequestUUID', u'44ebccfb-ab7e-4b2f-a1fb-2944343ed99d'), ('EndTime', u'2014-10-26 01:24:38'), ('CallStatus', u'completed'), ('Direction', u'outbound'), ('ALegUUID', u'1b793e40-5ce1-11e4-91b5-d5d5cc6dbb5b'), ('BillDuration', u'60'), ('StartTime', u'2014-10-26 01:24:22'), ('Duration', u'13'), ('RequestUUID', u'44ebccfb-ab7e-4b2f-a1fb-2944343ed99d'), ('Event', u'Hangup')]
2014-10-26 01:24:47,034 - __main__ - INFO - 17808635715 Hungup.
2014-10-26 01:24:47,034 - __main__ - INFO - Call hungup [('TotalCost', u'0.01200'), ('AnswerTime', u'2014-10-26 01:24:33'), ('From', u'17804138846'), ('CallerName', u'Winnifred Stewart Association'), ('HangupCause', u'NORMAL_CLEARING'), ('BillRate', u'0.01200'), ('Machine', u'true'), ('To', u'17808635715'), ('CallUUID', u'1af26f50-5ce1-11e4-91ad-d5d5cc6dbb5b'), ('ALegRequestUUID', u'aa63bed7-f49c-44ff-bb8d-e5e4dabd2fee'), ('EndTime', u'2014-10-26 01:24:46'), ('CallStatus', u'completed'), ('Direction', u'outbound'), ('ALegUUID', u'1af26f50-5ce1-11e4-91ad-d5d5cc6dbb5b'), ('BillDuration', u'60'), ('StartTime', u'2014-10-26 01:24:21'), ('Duration', u'13'), ('RequestUUID', u'aa63bed7-f49c-44ff-bb8d-e5e4dabd2fee'), ('Event', u'Hangup')]
2014-10-26 01:25:02,472 - __main__ - INFO - 17805550191 Hungup.
2014-10-26 01:25:02,472 - __main__ - INFO - Call hungup [('TotalCost', u'0.00000'), ('HangupCause', u'NORMAL_TEMPORARY_FAILURE'), ('From', u'+17804138846'), ('CallerName', u'Winnifred Stewart Association'), ('BillDuration', u'0'), ('BillRate', u'0.01200'), ('To', u'17805550191'), ('AnswerTime', u''), ('CallUUID', u'1b47f65a-5ce1-11e4-91b1-d5d5cc6dbb5b'), ('EndTime', u'2014-10-26 01:25:02'), ('CallStatus', u'failed'), ('Direction', u'outbound'), ('StartTime', u'2014-10-26 01:24:22'), ('Duration', u'0'), ('RequestUUID', u'73fe5506-1d65-436b-8a08-b61ed6c7eacf'), ('Event', u'Hangup')]
Starting job 544984f99b93873e475b2e10
+17808635715 Firing call
+17805550191 Firing call
+17804536707 Firing call
2014-10-26 01:26:56,375 - __main__ - INFO - +17804536707 Answered.
2014-10-26 01:26:58,215 - __main__ - INFO - +17804536707 Leaving voicemail.
2014-10-26 01:27:04,184 - __main__ - INFO - +17808635715 Answered.
2014-10-26 01:27:06,446 - __main__ - INFO - +17808635715 Leaving voicemail.
2014-10-26 01:27:09,017 - __main__ - INFO - 17804536707 Hungup.
2014-10-26 01:27:09,018 - __main__ - INFO - Call hungup [('TotalCost', u'0.01200'), ('AnswerTime', u'2014-10-26 01:26:56'), ('From', u'17804138846'), ('CallerName', u'Winnifred Stewart Association'), ('HangupCause', u'NORMAL_CLEARING'), ('BillRate', u'0.01200'), ('Machine', u'true'), ('To', u'17804536707'), ('CallUUID', u'750e3cbc-5ce1-11e4-847f-9f812b1edde0'), ('ALegRequestUUID', u'af635c46-dfe6-4cf2-9ed4-931f7f1b34ab'), ('EndTime', u'2014-10-26 01:27:08'), ('CallStatus', u'completed'), ('Direction', u'outbound'), ('ALegUUID', u'750e3cbc-5ce1-11e4-847f-9f812b1edde0'), ('BillDuration', u'60'), ('StartTime', u'2014-10-26 01:26:52'), ('Duration', u'13'), ('RequestUUID', u'af635c46-dfe6-4cf2-9ed4-931f7f1b34ab'), ('Event', u'Hangup')]
2014-10-26 01:27:18,817 - __main__ - INFO - 17808635715 Hungup.
2014-10-26 01:27:18,817 - __main__ - INFO - Call hungup [('TotalCost', u'0.01200'), ('AnswerTime', u'2014-10-26 01:27:03'), ('From', u'17804138846'), ('CallerName', u'Winnifred Stewart Association'), ('HangupCause', u'NORMAL_CLEARING'), ('BillRate', u'0.01200'), ('Machine', u'true'), ('To', u'17808635715'), ('CallUUID', u'7498a29a-5ce1-11e4-8477-9f812b1edde0'), ('ALegRequestUUID', u'37f17391-789d-40c2-99ff-57f6a9ab7cfe'), ('EndTime', u'2014-10-26 01:27:16'), ('CallStatus', u'completed'), ('Direction', u'outbound'), ('ALegUUID', u'7498a29a-5ce1-11e4-8477-9f812b1edde0'), ('BillDuration', u'60'), ('StartTime', u'2014-10-26 01:26:52'), ('Duration', u'13'), ('RequestUUID', u'37f17391-789d-40c2-99ff-57f6a9ab7cfe'), ('Event', u'Hangup')]
2014-10-26 01:27:31,198 - __main__ - INFO - 17805550191 Hungup.
2014-10-26 01:27:31,198 - __main__ - INFO - Call hungup [('TotalCost', u'0.00000'), ('HangupCause', u'NORMAL_TEMPORARY_FAILURE'), ('From', u'+17804138846'), ('CallerName', u'Winnifred Stewart Association'), ('BillDuration', u'0'), ('BillRate', u'0.01200'), ('To', u'17805550191'), ('AnswerTime', u''), ('CallUUID', u'74dbc2fa-5ce1-11e4-847b-9f812b1edde0'), ('EndTime', u'2014-10-26 01:27:30'), ('CallStatus', u'failed'), ('Direction', u'outbound'), ('StartTime', u'2014-10-26 01:26:52'), ('Duration', u'0'), ('RequestUUID', u'b39f35c0-52c1-47a2-adeb-24c6e7239aa2'), ('Event', u'Hangup')]
Starting job 544984f99b93873e475b2e10
+17808635715 Firing call
+17805550191 Firing call
+17804536707 Firing call
2014-10-26 01:28:56,209 - __main__ - INFO - +17804536707 Answered.
2014-10-26 01:28:58,147 - __main__ - INFO - +17804536707 Leaving voicemail.
2014-10-26 01:29:01,482 - __main__ - INFO - +17808635715 Answered.
2014-10-26 01:29:03,775 - __main__ - INFO - +17808635715 Leaving voicemail.
2014-10-26 01:29:09,101 - __main__ - INFO - 17804536707 Hungup.
2014-10-26 01:29:09,101 - __main__ - INFO - Call hungup [('TotalCost', u'0.01200'), ('AnswerTime', u'2014-10-26 01:28:55'), ('From', u'17804138846'), ('CallerName', u'Winnifred Stewart Association'), ('HangupCause', u'NORMAL_CLEARING'), ('BillRate', u'0.01200'), ('Machine', u'true'), ('To', u'17804536707'), ('CallUUID', u'bc62e4f0-5ce1-11e4-85bd-65abb2ef8120'), ('ALegRequestUUID', u'5df5553e-3a54-4062-9f5a-7397e9032e65'), ('EndTime', u'2014-10-26 01:29:08'), ('CallStatus', u'completed'), ('Direction', u'outbound'), ('ALegUUID', u'bc62e4f0-5ce1-11e4-85bd-65abb2ef8120'), ('BillDuration', u'60'), ('StartTime', u'2014-10-26 01:28:52'), ('Duration', u'13'), ('RequestUUID', u'5df5553e-3a54-4062-9f5a-7397e9032e65'), ('Event', u'Hangup')]
2014-10-26 01:29:14,706 - __main__ - INFO - 17808635715 Hungup.
2014-10-26 01:29:14,706 - __main__ - INFO - Call hungup [('TotalCost', u'0.01200'), ('AnswerTime', u'2014-10-26 01:29:01'), ('From', u'17804138846'), ('CallerName', u'Winnifred Stewart Association'), ('HangupCause', u'NORMAL_CLEARING'), ('BillRate', u'0.01200'), ('Machine', u'true'), ('To', u'17808635715'), ('CallUUID', u'bbedd0a2-5ce1-11e4-859e-65abb2ef8120'), ('ALegRequestUUID', u'c6657eb0-0857-4df3-aa9b-cfdae3e4b917'), ('EndTime', u'2014-10-26 01:29:14'), ('CallStatus', u'completed'), ('Direction', u'outbound'), ('ALegUUID', u'bbedd0a2-5ce1-11e4-859e-65abb2ef8120'), ('BillDuration', u'60'), ('StartTime', u'2014-10-26 01:28:51'), ('Duration', u'14'), ('RequestUUID', u'c6657eb0-0857-4df3-aa9b-cfdae3e4b917'), ('Event', u'Hangup')]
2014-10-26 01:29:32,629 - __main__ - INFO - 17805550191 Hungup.
2014-10-26 01:29:32,630 - __main__ - INFO - Call hungup [('TotalCost', u'0.00000'), ('HangupCause', u'NORMAL_TEMPORARY_FAILURE'), ('From', u'+17804138846'), ('CallerName', u'Winnifred Stewart Association'), ('BillDuration', u'0'), ('BillRate', u'0.01200'), ('To', u'17805550191'), ('AnswerTime', u''), ('CallUUID', u'bc35b430-5ce1-11e4-85a3-65abb2ef8120'), ('EndTime', u'2014-10-26 01:29:32'), ('CallStatus', u'failed'), ('Direction', u'outbound'), ('StartTime', u'2014-10-26 01:28:52'), ('Duration', u'0'), ('RequestUUID', u'34f7012f-f00c-49d9-9c8e-f4fb2e08a25a'), ('Event', u'Hangup')]
Starting job 544984f99b93873e475b2e10
+17808635715 Firing call
+17805550191 Firing call
+17804536707 Firing call
2014-10-26 01:30:24,396 - __main__ - INFO - +17804536707 Answered.
2014-10-26 01:30:26,239 - __main__ - INFO - +17804536707 Leaving voicemail.
2014-10-26 01:30:31,773 - __main__ - INFO - +17808635715 Answered.
2014-10-26 01:30:34,044 - __main__ - INFO - +17808635715 Leaving voicemail.
2014-10-26 01:30:37,161 - __main__ - INFO - 17804536707 Hungup.
2014-10-26 01:30:37,161 - __main__ - INFO - Call hungup [('TotalCost', u'0.01200'), ('AnswerTime', u'2014-10-26 01:30:24'), ('From', u'17804138846'), ('CallerName', u'Winnifred Stewart Association'), ('HangupCause', u'NORMAL_CLEARING'), ('BillRate', u'0.01200'), ('Machine', u'true'), ('To', u'17804536707'), ('CallUUID', u'f0d5a0c4-5ce1-11e4-8720-9f812b1edde0'), ('ALegRequestUUID', u'cd4ef0d9-68db-4197-91cc-2d0216f8db77'), ('EndTime', u'2014-10-26 01:30:36'), ('CallStatus', u'completed'), ('Direction', u'outbound'), ('ALegUUID', u'f0d5a0c4-5ce1-11e4-8720-9f812b1edde0'), ('BillDuration', u'60'), ('StartTime', u'2014-10-26 01:30:20'), ('Duration', u'13'), ('RequestUUID', u'cd4ef0d9-68db-4197-91cc-2d0216f8db77'), ('Event', u'Hangup')]
2014-10-26 01:30:44,927 - __main__ - INFO - 17808635715 Hungup.
2014-10-26 01:30:44,928 - __main__ - INFO - Call hungup [('TotalCost', u'0.01200'), ('AnswerTime', u'2014-10-26 01:30:31'), ('From', u'17804138846'), ('CallerName', u'Winnifred Stewart Association'), ('HangupCause', u'NORMAL_CLEARING'), ('BillRate', u'0.01200'), ('Machine', u'true'), ('To', u'17808635715'), ('CallUUID', u'f067a3ee-5ce1-11e4-ab86-3d8540fe77ee'), ('ALegRequestUUID', u'11bbe8dc-3caf-4140-8d02-76281a9eb0ca'), ('EndTime', u'2014-10-26 01:30:44'), ('CallStatus', u'completed'), ('Direction', u'outbound'), ('ALegUUID', u'f067a3ee-5ce1-11e4-ab86-3d8540fe77ee'), ('BillDuration', u'60'), ('StartTime', u'2014-10-26 01:30:19'), ('Duration', u'14'), ('RequestUUID', u'11bbe8dc-3caf-4140-8d02-76281a9eb0ca'), ('Event', u'Hangup')]
2014-10-26 01:31:00,244 - __main__ - INFO - 17805550191 Hungup.
2014-10-26 01:31:00,245 - __main__ - INFO - Call hungup [('TotalCost', u'0.00000'), ('HangupCause', u'NORMAL_TEMPORARY_FAILURE'), ('From', u'+17804138846'), ('CallerName', u'Winnifred Stewart Association'), ('BillDuration', u'0'), ('BillRate', u'0.01200'), ('To', u'17805550191'), ('AnswerTime', u''), ('CallUUID', u'f09ca968-5ce1-11e4-ab8e-3d8540fe77ee'), ('EndTime', u'2014-10-26 01:30:59'), ('CallStatus', u'failed'), ('Direction', u'outbound'), ('StartTime', u'2014-10-26 01:30:20'), ('Duration', u'0'), ('RequestUUID', u'd9fa72d2-222f-49a0-987c-c86054b0e09a'), ('Event', u'Hangup')]
Starting job 544984f99b93873e475b2e10
Starting job 544984f99b93873e475b2e10
Starting job 544984f99b93873e475b2e10
+17808635715 Firing call
+17808635715 Firing call
+17808635715 Firing call
dummy log
Status: 201
+17805550191 Firing call
dummy log
Status: 201
+17805550191 Firing call
dummy log
Status: 201
+17805550191 Firing call
dummy log
Status: 201
+17804536707 Firing call
dummy log
Status: 201
+17804536707 Firing call
dummy log
Status: 400
dummy log
Status: 400
dummy log
Status: 201
+17804536707 Firing call
dummy log
Status: 400
2014-10-26 12:36:32,829 - __main__ - INFO - +17808635715 Answered.
2014-10-26 12:36:32,999 - __main__ - INFO - +17808635715 Answered.
2014-10-26 12:36:35,121 - __main__ - INFO - +17808635715 Leaving voicemail.
2014-10-26 12:36:35,231 - __main__ - INFO - +17808635715 Leaving voicemail.
2014-10-26 12:36:42,428 - __main__ - INFO - +17808635715 Answered.
2014-10-26 12:36:44,874 - __main__ - INFO - +17808635715 Leaving voicemail.
2014-10-26 12:36:45,202 - __main__ - INFO - 17805550191 Hungup.
2014-10-26 12:36:45,202 - __main__ - INFO - Call hungup [('TotalCost', u'0.00000'), ('HangupCause', u'NORMAL_TEMPORARY_FAILURE'), ('From', u'+17804138846'), ('CallerName', u'Winnifred Stewart Association'), ('BillDuration', u'0'), ('BillRate', u'0.01200'), ('To', u'17805550191'), ('AnswerTime', u''), ('CallUUID', u'000ae8d0-5d3f-11e4-ba76-d5d5cc6dbb5b'), ('EndTime', u'2014-10-26 12:36:44'), ('CallStatus', u'failed'), ('Direction', u'outbound'), ('StartTime', u'2014-10-26 12:36:29'), ('Duration', u'0'), ('RequestUUID', u'8c5a0c24-0fdf-4e00-a150-ba564988adec'), ('Event', u'Hangup')]
2014-10-26 12:36:46,043 - __main__ - INFO - 17808635715 Hungup.
2014-10-26 12:36:46,043 - __main__ - INFO - Call hungup [('TotalCost', u'0.01200'), ('AnswerTime', u'2014-10-26 12:36:32'), ('From', u'17804138846'), ('CallerName', u'Winnifred Stewart Association'), ('HangupCause', u'NORMAL_CLEARING'), ('BillRate', u'0.01200'), ('Machine', u'true'), ('To', u'17808635715'), ('CallUUID', u'ffe4f832-5d3e-11e4-ba6c-d5d5cc6dbb5b'), ('ALegRequestUUID', u'e3328337-3b6f-4246-a1d6-073a6513d9fe'), ('EndTime', u'2014-10-26 12:36:45'), ('CallStatus', u'completed'), ('Direction', u'outbound'), ('ALegUUID', u'ffe4f832-5d3e-11e4-ba6c-d5d5cc6dbb5b'), ('BillDuration', u'60'), ('StartTime', u'2014-10-26 12:36:29'), ('Duration', u'13'), ('RequestUUID', u'e3328337-3b6f-4246-a1d6-073a6513d9fe'), ('Event', u'Hangup')]
2014-10-26 12:36:46,164 - __main__ - INFO - 17808635715 Hungup.
2014-10-26 12:36:46,164 - __main__ - INFO - Call hungup [('TotalCost', u'0.01200'), ('AnswerTime', u'2014-10-26 12:36:32'), ('From', u'17804138846'), ('CallerName', u'Winnifred Stewart Association'), ('HangupCause', u'NORMAL_CLEARING'), ('BillRate', u'0.01200'), ('Machine', u'true'), ('To', u'17808635715'), ('CallUUID', u'ffc42508-5d3e-11e4-ba64-d5d5cc6dbb5b'), ('ALegRequestUUID', u'22cdea6f-723d-455d-8ab5-9396389a3d39'), ('EndTime', u'2014-10-26 12:36:45'), ('CallStatus', u'completed'), ('Direction', u'outbound'), ('ALegUUID', u'ffc42508-5d3e-11e4-ba64-d5d5cc6dbb5b'), ('BillDuration', u'60'), ('StartTime', u'2014-10-26 12:36:28'), ('Duration', u'13'), ('RequestUUID', u'22cdea6f-723d-455d-8ab5-9396389a3d39'), ('Event', u'Hangup')]
2014-10-26 12:36:55,699 - __main__ - INFO - 17808635715 Hungup.
2014-10-26 12:36:55,699 - __main__ - INFO - Call hungup [('TotalCost', u'0.01200'), ('AnswerTime', u'2014-10-26 12:36:42'), ('From', u'17804138846'), ('CallerName', u'Winnifred Stewart Association'), ('HangupCause', u'NORMAL_CLEARING'), ('BillRate', u'0.01200'), ('Machine', u'true'), ('To', u'17808635715'), ('CallUUID', u'ffdd6cc0-5d3e-11e4-ba68-d5d5cc6dbb5b'), ('ALegRequestUUID', u'872b9aab-688e-4e7d-8ff2-1c087be4da0f'), ('EndTime', u'2014-10-26 12:36:55'), ('CallStatus', u'completed'), ('Direction', u'outbound'), ('ALegUUID', u'ffdd6cc0-5d3e-11e4-ba68-d5d5cc6dbb5b'), ('BillDuration', u'60'), ('StartTime', u'2014-10-26 12:36:28'), ('Duration', u'14'), ('RequestUUID', u'872b9aab-688e-4e7d-8ff2-1c087be4da0f'), ('Event', u'Hangup')]
2014-10-26 12:36:57,177 - __main__ - INFO - 17805550191 Hungup.
2014-10-26 12:36:57,177 - __main__ - INFO - Call hungup [('TotalCost', u'0.00000'), ('HangupCause', u'NORMAL_TEMPORARY_FAILURE'), ('From', u'+17804138846'), ('CallerName', u'Winnifred Stewart Association'), ('BillDuration', u'0'), ('BillRate', u'0.01200'), ('To', u'17805550191'), ('AnswerTime', u''), ('CallUUID', u'0005206c-5d3f-11e4-ba72-d5d5cc6dbb5b'), ('EndTime', u'2014-10-26 12:36:56'), ('CallStatus', u'failed'), ('Direction', u'outbound'), ('StartTime', u'2014-10-26 12:36:29'), ('Duration', u'0'), ('RequestUUID', u'dfc61189-15d4-4de9-a9f9-fe405c126291'), ('Event', u'Hangup')]
2014-10-26 12:37:13,966 - __main__ - INFO - 17805550191 Hungup.
2014-10-26 12:37:13,966 - __main__ - INFO - Call hungup [('TotalCost', u'0.00000'), ('HangupCause', u'NORMAL_TEMPORARY_FAILURE'), ('From', u'+17804138846'), ('CallerName', u'Winnifred Stewart Association'), ('BillDuration', u'0'), ('BillRate', u'0.01200'), ('To', u'17805550191'), ('AnswerTime', u''), ('CallUUID', u'0028c2ba-5d3f-11e4-ba7c-d5d5cc6dbb5b'), ('EndTime', u'2014-10-26 12:37:13'), ('CallStatus', u'failed'), ('Direction', u'outbound'), ('StartTime', u'2014-10-26 12:36:29'), ('Duration', u'0'), ('RequestUUID', u'f1d3dd83-6cbf-4387-9951-4b95e7fa7bdc'), ('Event', u'Hangup')]
Starting job 544984f99b93873e475b2e10
+17808635715 Firing call
Status: 201
Response: {u'message': u'call fired', u'request_uuid': u'd38448f8-fb67-4036-8cb8-ba0746356526', u'api_id': u'7f07c88e-5d43-11e4-b153-22000abcaa64'}
+17805550191 Firing call
Status: 201
Response: {u'message': u'call fired', u'request_uuid': u'1798167a-5149-4f89-90a7-fe6a31235968', u'api_id': u'7f4dbae2-5d43-11e4-bd8a-12313f016a39'}
+17804536707 Firing call
Status: 201
Response: {u'message': u'call fired', u'request_uuid': u'2d596ba1-c1a8-40ef-ac95-654959560878', u'api_id': u'7f9eb91a-5d43-11e4-8a4a-123140008edf'}
2014-10-26 13:08:44,778 - __main__ - INFO - +17804536707 Answered.
2014-10-26 13:08:53,442 - __main__ - INFO - +17808635715 Answered.
2014-10-26 13:08:55,954 - __main__ - INFO - +17808635715 Leaving voicemail.
2014-10-26 13:09:00,766 - __main__ - INFO - 17804536707 Hungup.
2014-10-26 13:09:00,766 - __main__ - INFO - Call hungup [('TotalCost', u'0.01200'), ('HangupCause', u'NORMAL_CLEARING'), ('From', u'17804138846'), ('CallerName', u'Winnifred Stewart Association'), ('BillDuration', u'60'), ('BillRate', u'0.01200'), ('To', u'17804536707'), ('AnswerTime', u'2014-10-26 13:08:44'), ('CallUUID', u'7fc07208-5d43-11e4-af95-9f812b1edde0'), ('ALegRequestUUID', u'2d596ba1-c1a8-40ef-ac95-654959560878'), ('EndTime', u'2014-10-26 13:09:00'), ('CallStatus', u'completed'), ('Direction', u'outbound'), ('ALegUUID', u'7fc07208-5d43-11e4-af95-9f812b1edde0'), ('StartTime', u'2014-10-26 13:08:41'), ('Duration', u'16'), ('RequestUUID', u'2d596ba1-c1a8-40ef-ac95-654959560878'), ('Event', u'Hangup')]
2014-10-26 13:09:06,774 - __main__ - INFO - 17808635715 Hungup.
2014-10-26 13:09:06,774 - __main__ - INFO - Call hungup [('TotalCost', u'0.01200'), ('AnswerTime', u'2014-10-26 13:08:53'), ('From', u'17804138846'), ('CallerName', u'Winnifred Stewart Association'), ('HangupCause', u'NORMAL_CLEARING'), ('BillRate', u'0.01200'), ('Machine', u'true'), ('To', u'17808635715'), ('CallUUID', u'7f348554-5d43-11e4-8656-65cb1e998f4b'), ('ALegRequestUUID', u'd38448f8-fb67-4036-8cb8-ba0746356526'), ('EndTime', u'2014-10-26 13:09:06'), ('CallStatus', u'completed'), ('Direction', u'outbound'), ('ALegUUID', u'7f348554-5d43-11e4-8656-65cb1e998f4b'), ('BillDuration', u'60'), ('StartTime', u'2014-10-26 13:08:40'), ('Duration', u'14'), ('RequestUUID', u'd38448f8-fb67-4036-8cb8-ba0746356526'), ('Event', u'Hangup')]
2014-10-26 13:09:19,676 - __main__ - INFO - 17805550191 Hungup.
2014-10-26 13:09:19,676 - __main__ - INFO - Call hungup [('TotalCost', u'0.00000'), ('HangupCause', u'NORMAL_TEMPORARY_FAILURE'), ('From', u'+17804138846'), ('CallerName', u'Winnifred Stewart Association'), ('BillDuration', u'0'), ('BillRate', u'0.01200'), ('To', u'17805550191'), ('AnswerTime', u''), ('CallUUID', u'7f8fb96a-5d43-11e4-af91-9f812b1edde0'), ('EndTime', u'2014-10-26 13:09:19'), ('CallStatus', u'failed'), ('Direction', u'outbound'), ('StartTime', u'2014-10-26 13:08:41'), ('Duration', u'0'), ('RequestUUID', u'1798167a-5149-4f89-90a7-fe6a31235968'), ('Event', u'Hangup')]
Starting job 544984f99b93873e475b2e10
+17808635715 Firing call
Status: 201
Response: {u'message': u'call fired', u'request_uuid': u'a952296c-1ece-47d8-9f56-e2bd235792ff', u'api_id': u'161f2d66-5d44-11e4-a2d1-22000ac5040c'}
+17805550191 Firing call
Status: 201
Response: {u'message': u'call fired', u'request_uuid': u'684eafc4-2b83-4fc3-8c5f-c49de08f3e1d', u'api_id': u'164c2bae-5d44-11e4-8a4a-123140008edf'}
+17805550111 Firing call
Status: 201
Response: {u'message': u'call fired', u'request_uuid': u'c2ff3f7c-766e-40df-a7ca-9198a0228fbc', u'api_id': u'16932266-5d44-11e4-8a4a-123140008edf'}
2014-10-26 13:13:06,161 - __main__ - INFO - +17808635715 Answered.
2014-10-26 13:13:08,595 - __main__ - INFO - +17808635715 Leaving voicemail.
2014-10-26 13:13:19,696 - __main__ - INFO - 17808635715 Hungup.
2014-10-26 13:13:19,697 - __main__ - INFO - Call hungup [('TotalCost', u'0.01200'), ('AnswerTime', u'2014-10-26 13:13:05'), ('From', u'17804138846'), ('CallerName', u'Winnifred Stewart Association'), ('HangupCause', u'NORMAL_CLEARING'), ('BillRate', u'0.01200'), ('Machine', u'true'), ('To', u'17808635715'), ('CallUUID', u'164196e4-5d44-11e4-ab52-05cda41a218d'), ('ALegRequestUUID', u'a952296c-1ece-47d8-9f56-e2bd235792ff'), ('EndTime', u'2014-10-26 13:13:19'), ('CallStatus', u'completed'), ('Direction', u'outbound'), ('ALegUUID', u'164196e4-5d44-11e4-ab52-05cda41a218d'), ('BillDuration', u'60'), ('StartTime', u'2014-10-26 13:12:54'), ('Duration', u'14'), ('RequestUUID', u'a952296c-1ece-47d8-9f56-e2bd235792ff'), ('Event', u'Hangup')]
2014-10-26 13:13:31,079 - __main__ - INFO - 17805550191 Hungup.
2014-10-26 13:13:31,079 - __main__ - INFO - Call hungup [('TotalCost', u'0.00000'), ('HangupCause', u'NORMAL_TEMPORARY_FAILURE'), ('From', u'+17804138846'), ('CallerName', u'Winnifred Stewart Association'), ('BillDuration', u'0'), ('BillRate', u'0.01200'), ('To', u'17805550191'), ('AnswerTime', u''), ('CallUUID', u'168567ca-5d44-11e4-b462-d5d5cc6dbb5b'), ('EndTime', u'2014-10-26 13:13:30'), ('CallStatus', u'failed'), ('Direction', u'outbound'), ('StartTime', u'2014-10-26 13:12:54'), ('Duration', u'0'), ('RequestUUID', u'684eafc4-2b83-4fc3-8c5f-c49de08f3e1d'), ('Event', u'Hangup')]
2014-10-26 13:13:45,367 - __main__ - INFO - 17805550111 Hungup.
2014-10-26 13:13:45,367 - __main__ - INFO - Call hungup [('TotalCost', u'0.00000'), ('HangupCause', u'NORMAL_TEMPORARY_FAILURE'), ('From', u'+17804138846'), ('CallerName', u'Winnifred Stewart Association'), ('BillDuration', u'0'), ('BillRate', u'0.01200'), ('To', u'17805550111'), ('AnswerTime', u''), ('CallUUID', u'16c8d9d8-5d44-11e4-b46c-d5d5cc6dbb5b'), ('EndTime', u'2014-10-26 13:13:45'), ('CallStatus', u'failed'), ('Direction', u'outbound'), ('StartTime', u'2014-10-26 13:12:54'), ('Duration', u'0'), ('RequestUUID', u'c2ff3f7c-766e-40df-a7ca-9198a0228fbc'), ('Event', u'Hangup')]
Starting job 544984f99b93873e475b2e10
+17808635715 call fired (201)
+17805550191 call fired (201)
+17805550111 call fired (201)
2014-10-26 13:23:15,050 - __main__ - INFO - +17808635715 Answered.
2014-10-26 13:23:17,321 - __main__ - INFO - +17808635715 Leaving voicemail.
2014-10-26 13:23:28,190 - __main__ - INFO - 17808635715 Hungup.
2014-10-26 13:23:28,190 - __main__ - INFO - Call hungup [('TotalCost', u'0.01200'), ('AnswerTime', u'2014-10-26 13:23:14'), ('From', u'17804138846'), ('CallerName', u'Winnifred Stewart Association'), ('HangupCause', u'NORMAL_CLEARING'), ('BillRate', u'0.01200'), ('Machine', u'true'), ('To', u'17808635715'), ('CallUUID', u'814ee7f6-5d45-11e4-81a4-97ac087fd512'), ('ALegRequestUUID', u'9bc639ef-247c-4918-8168-f806f326548b'), ('EndTime', u'2014-10-26 13:23:27'), ('CallStatus', u'completed'), ('Direction', u'outbound'), ('ALegUUID', u'814ee7f6-5d45-11e4-81a4-97ac087fd512'), ('BillDuration', u'60'), ('StartTime', u'2014-10-26 13:23:03'), ('Duration', u'13'), ('RequestUUID', u'9bc639ef-247c-4918-8168-f806f326548b'), ('Event', u'Hangup')]
2014-10-26 13:23:41,415 - __main__ - INFO - 17805550191 Hungup.
2014-10-26 13:23:41,415 - __main__ - INFO - Call hungup [('TotalCost', u'0.00000'), ('HangupCause', u'NORMAL_TEMPORARY_FAILURE'), ('From', u'+17804138846'), ('CallerName', u'Winnifred Stewart Association'), ('BillDuration', u'0'), ('BillRate', u'0.01200'), ('To', u'17805550191'), ('AnswerTime', u''), ('CallUUID', u'819e30d6-5d45-11e4-81b4-97ac087fd512'), ('EndTime', u'2014-10-26 13:23:41'), ('CallStatus', u'failed'), ('Direction', u'outbound'), ('StartTime', u'2014-10-26 13:23:03'), ('Duration', u'0'), ('RequestUUID', u'6d445567-c2d9-4b98-b607-a2bf72ecaeda'), ('Event', u'Hangup')]
2014-10-26 13:23:42,157 - __main__ - INFO - 17805550111 Hungup.
2014-10-26 13:23:42,158 - __main__ - INFO - Call hungup [('TotalCost', u'0.00000'), ('HangupCause', u'NORMAL_TEMPORARY_FAILURE'), ('From', u'+17804138846'), ('CallerName', u'Winnifred Stewart Association'), ('BillDuration', u'0'), ('BillRate', u'0.01200'), ('To', u'17805550111'), ('AnswerTime', u''), ('CallUUID', u'81d0fa3e-5d45-11e4-81bc-97ac087fd512'), ('EndTime', u'2014-10-26 13:23:41'), ('CallStatus', u'failed'), ('Direction', u'outbound'), ('StartTime', u'2014-10-26 13:23:03'), ('Duration', u'0'), ('RequestUUID', u'f1dd793f-a433-44f5-adc7-83d2116a4ffc'), ('Event', u'Hangup')]
Starting job 544984f99b93873e475b2e10
+17808635715 call fired (201)
+17805550191 call fired (201)
+17805550111 call fired (201)
2014-10-26 13:31:11,590 - __main__ - INFO - +17808635715 Leaving voicemail.
2014-10-26 13:31:22,379 - __main__ - ERROR - 17808635715 Failed to process hangup
Traceback (most recent call last):
  File "server.py", line 112, in process_hangup
    cause = requet.form.get('HangupCause')
NameError: global name 'requet' is not defined
2014-10-26 13:31:35,895 - __main__ - ERROR - 17805550191 Failed to process hangup
Traceback (most recent call last):
  File "server.py", line 112, in process_hangup
    cause = requet.form.get('HangupCause')
NameError: global name 'requet' is not defined
2014-10-26 13:31:37,339 - __main__ - ERROR - 17805550111 Failed to process hangup
Traceback (most recent call last):
  File "server.py", line 112, in process_hangup
    cause = requet.form.get('HangupCause')
NameError: global name 'requet' is not defined
Starting job 544984f99b93873e475b2e10
+17805550191 call fired (201)
+17805550111 call fired (201)
2014-10-26 13:32:39,079 - __main__ - INFO - 17805550191 failed (NORMAL_TEMPORARY_FAILURE)
2014-10-26 13:32:39,692 - __main__ - INFO - 17805550111 failed (NORMAL_TEMPORARY_FAILURE)
2014-10-26 13:36:31,939 - tasks - INFO - Starting job 544984f99b93873e475b2e10
2014-10-26 13:36:32,488 - tasks - INFO - +17805550191 call fired (201)
2014-10-26 13:36:33,015 - tasks - INFO - +17805550111 call fired (201)
2014-10-26 13:37:10,338 - __main__ - INFO - 17805550191 failed (NORMAL_TEMPORARY_FAILURE)
2014-10-26 13:37:11,179 - __main__ - INFO - 17805550111 failed (NORMAL_TEMPORARY_FAILURE)
2014-10-26 13:40:24,303 - tasks - INFO - Starting job 544984f99b93873e475b2e10
2014-10-26 13:40:24,902 - tasks - INFO - +17805550191 call fired (201)
2014-10-26 13:40:25,383 - tasks - INFO - +17805550111 call fired (201)
2014-10-26 13:41:02,914 - __main__ - INFO - 17805550191 failed (NORMAL_TEMPORARY_FAILURE)
2014-10-26 13:41:04,234 - __main__ - INFO - 17805550111 failed (NORMAL_TEMPORARY_FAILURE)
2014-10-26 13:42:59,293 - tasks - INFO - Starting job 544984f99b93873e475b2e10
2014-10-26 13:42:59,994 - tasks - INFO - +17805550191 call fired (201)
2014-10-26 13:43:00,408 - tasks - INFO - +17805550111 call fired (201)
2014-10-26 13:43:39,252 - __main__ - INFO - 17805550191 failed (NORMAL_TEMPORARY_FAILURE)
2014-10-26 13:43:39,321 - __main__ - INFO - 17805550111 failed (NORMAL_TEMPORARY_FAILURE)
2014-10-26 13:45:13,502 - tasks - INFO - Starting job 544984f99b93873e475b2e10
2014-10-26 13:45:13,824 - tasks - INFO - +17805550191 call fired (201)
2014-10-26 13:45:14,355 - tasks - INFO - +17805550111 call fired (201)
2014-10-26 13:45:14,764 - tasks - INFO - +17808093927 call fired (201)
2014-10-26 13:45:15,672 - __main__ - INFO - 17808093927 busy (USER_BUSY)
2014-10-26 13:45:52,222 - __main__ - INFO - 17805550191 failed (NORMAL_TEMPORARY_FAILURE)
2014-10-26 13:45:52,313 - __main__ - INFO - 17805550111 failed (NORMAL_TEMPORARY_FAILURE)
2014-10-26 13:57:58,077 - tasks - INFO - Starting job 544984f99b93873e475b2e10
2014-10-26 13:57:58,701 - tasks - INFO - +17805550191 call fired (201)
2014-10-26 13:57:59,359 - tasks - INFO - +17805550111 call fired (201)
2014-10-26 13:57:59,665 - tasks - INFO - +17808093927 call fired (201)
2014-10-26 13:58:00,723 - __main__ - INFO - 17808093927 busy (USER_BUSY)
2014-10-26 13:58:36,268 - __main__ - INFO - 17805550191 failed (NORMAL_TEMPORARY_FAILURE)
2014-10-26 13:58:38,302 - __main__ - INFO - 17805550111 failed (NORMAL_TEMPORARY_FAILURE)
2014-10-26 16:01:22,443 - tasks - INFO - Starting job 544984f99b93873e475b2e10
2014-10-26 16:01:22,995 - tasks - INFO - +17805550191 call fired (201)
2014-10-26 16:01:23,569 - tasks - INFO - +17805550111 call fired (201)
2014-10-26 16:01:24,049 - tasks - INFO - +17808093927 call fired (201)
2014-10-26 16:01:25,024 - __main__ - INFO - 17808093927 busy (USER_BUSY)
2014-10-26 16:02:00,744 - __main__ - INFO - 17805550191 failed (NORMAL_TEMPORARY_FAILURE)
2014-10-26 16:02:01,312 - __main__ - INFO - 17805550111 failed (NORMAL_TEMPORARY_FAILURE)
2014-10-26 16:05:10,326 - __main__ - INFO - Monitoring job 544984f99b93873e475b2e10
2014-10-26 16:05:55,656 - __main__ - INFO - Monitoring job 544984f99b93873e475b2e10
2014-10-26 17:16:46,562 - monitor - INFO - Monitoring job 544984f99b93873e475b2e10
2014-10-26 17:20:11,563 - monitor - INFO - Monitoring job 544984f99b93873e475b2e10
2014-10-26 17:20:21,546 - monitor - INFO - Monitoring job 544984f99b93873e475b2e10
2014-10-26 17:20:44,461 - monitor - INFO - Monitoring job 544984f99b93873e475b2e10
2014-10-26 17:20:57,003 - monitor - INFO - Monitoring job 544984f99b93873e475b2e10
2014-10-26 17:21:56,857 - monitor - INFO - Monitoring job 544984f99b93873e475b2e10
2014-10-26 17:22:38,600 - monitor - INFO - Monitoring job 544984f99b93873e475b2e10
2014-10-26 17:23:50,570 - __main__ - INFO - Monitoring job 544984f99b93873e475b2e10
2014-10-26 17:25:28,328 - monitor - INFO - Monitoring job 544984f99b93873e475b2e10
2014-10-26 17:25:56,525 - monitor - INFO - Monitoring job 544984f99b93873e475b2e10
2014-10-26 17:26:00,232 - monitor - INFO - Monitoring job 544984f99b93873e475b2e10
2014-10-26 17:27:51,818 - __main__ - INFO - Monitoring job 544984f99b93873e475b2e10
2014-10-26 17:31:14,475 - monitor - INFO - Monitoring job 544984f99b93873e475b2e10
2014-10-26 17:33:03,664 - monitor - INFO - Monitoring job 544984f99b93873e475b2e10
2014-10-26 17:35:11,041 - monitor - INFO - Monitoring job 544984f99b93873e475b2e10
2014-10-26 17:40:37,955 - monitor - INFO - Monitoring job 544984f99b93873e475b2e10
2014-10-26 17:41:48,625 - tasks - INFO - Starting job 544984f99b93873e475b2e10
2014-10-26 17:44:24,146 - tasks - INFO - Starting job 544984f99b93873e475b2e10
2014-10-26 17:44:24,673 - monitor - INFO - +17805550191 call fired (201)
2014-10-26 17:50:04,453 - tasks - INFO - Starting job 544984f99b93873e475b2e10
2014-10-26 17:50:05,241 - monitor - INFO - +17805550191 call fired (201)
2014-10-26 17:50:54,601 - tasks - INFO - Starting job 544984f99b93873e475b2e10
2014-10-26 17:50:54,893 - monitor - INFO - +17805550191 call fired (201)
2014-10-26 17:50:55,448 - monitor - INFO - +17805550111 call fired (201)
2014-10-26 17:50:56,167 - monitor - INFO - +17808093927 call fired (201)
2014-10-26 18:29:45,524 - tasks - INFO - Starting job 544984f99b93873e475b2e10
2014-10-26 18:29:45,905 - monitor - INFO - +17805550191 call fired (201)
2014-10-26 18:29:46,365 - monitor - INFO - +17805550111 call fired (201)
2014-10-26 18:29:46,809 - monitor - INFO - +17808093927 call fired (201)
2014-10-26 18:29:47,821 - __main__ - INFO - 17808093927 busy (USER_BUSY)
2014-10-26 18:30:21,636 - __main__ - INFO - 17805550191 failed (NORMAL_TEMPORARY_FAILURE)
2014-10-26 18:30:22,271 - __main__ - INFO - 17805550111 failed (NORMAL_TEMPORARY_FAILURE)
2014-10-26 18:36:02,470 - monitor - INFO - Monitoring job 544984f99b93873e475b2e10
2014-10-26 18:36:03,181 - monitor - INFO - +17808093927 call fired (201)
2014-10-26 18:36:04,356 - __main__ - INFO - 17808093927 busy (USER_BUSY)
2014-10-26 18:38:50,310 - monitor - INFO - Monitoring job 544984f99b93873e475b2e10
2014-10-26 18:38:50,691 - monitor - INFO - +17808093927 call fired (201)
2014-10-26 18:38:51,581 - __main__ - INFO - 17808093927 busy (USER_BUSY)
2014-10-26 18:38:56,294 - monitor - INFO - +17808093927 call fired (201)
2014-10-26 18:38:57,249 - __main__ - INFO - 17808093927 busy (USER_BUSY)
2014-10-26 18:39:01,645 - monitor - INFO - +17808093927 call fired (201)
2014-10-26 18:39:02,809 - __main__ - INFO - 17808093927 busy (USER_BUSY)
2014-10-26 18:50:03,082 - monitor - INFO - Monitoring job 544984f99b93873e475b2e10
2014-10-26 18:55:19,858 - monitor - INFO - Monitoring job 544984f99b93873e475b2e10
2014-10-26 18:55:51,697 - monitor - INFO - Monitoring job 544984f99b93873e475b2e10
2014-10-26 18:56:42,059 - monitor - INFO - Monitoring job 544984f99b93873e475b2e10
2014-10-26 18:57:14,424 - monitor - INFO - Monitoring job 544984f99b93873e475b2e10
2014-10-26 19:01:38,570 - monitor - INFO - Monitoring job 544984f99b93873e475b2e10
2014-10-26 19:02:01,141 - monitor - INFO - Monitoring job 544984f99b93873e475b2e10
2014-10-26 19:02:01,144 - monitor - INFO - job 544984f99b93873e475b2e10 complete
2014-10-26 23:19:37,332 - monitor - INFO - Monitoring job 544984f99b93873e475b2e10
2014-10-26 23:20:16,391 - monitor - INFO - Sending report
2014-10-26 23:22:48,418 - monitor - INFO - Sending report
2014-10-26 23:23:41,330 - monitor - INFO - Sending report
2014-10-26 23:24:31,711 - tasks - INFO - Starting job 544984f99b93873e475b2e10
2014-10-26 23:24:32,205 - monitor - INFO - +17805550191 call fired (201)
2014-10-26 23:24:32,837 - monitor - INFO - +17805550111 call fired (201)
2014-10-26 23:24:33,136 - monitor - INFO - +17808093927 call fired (201)
2014-10-26 23:24:34,411 - __main__ - INFO - 17808093927 busy (USER_BUSY)
2014-10-26 23:25:12,719 - __main__ - INFO - 17805550191 failed (NORMAL_TEMPORARY_FAILURE)
2014-10-26 23:25:25,922 - __main__ - INFO - 17805550111 failed (NORMAL_TEMPORARY_FAILURE)
2014-10-26 23:25:54,966 - monitor - INFO - Sending report
2014-10-26 23:26:39,366 - monitor - INFO - Sending report
2014-10-26 23:33:25,233 - monitor - INFO - Sending report
2014-10-26 23:39:04,263 - monitor - INFO - Sending report
2014-10-26 23:43:36,994 - monitor - INFO - Sending report
2014-10-26 23:44:13,991 - monitor - INFO - Sending report
2014-10-26 23:46:54,735 - monitor - INFO - Sending report
2014-10-26 23:48:09,622 - monitor - INFO - Sending report
2014-10-26 23:50:10,917 - monitor - INFO - Sending report
2014-10-27 21:31:03,969 - __main__ - INFO - 17808093927 busy (USER_BUSY)
2014-10-27 21:32:04,353 - __main__ - INFO - 17808093927 busy (USER_BUSY)
2014-10-27 21:45:14,276 - tasks - INFO - Starting job 544984f99b93873e475b2e10
2014-10-27 21:45:14,996 - bravo - INFO - +17805550191 call fired (201)
2014-10-27 21:45:15,367 - bravo - INFO - +17805550111 call fired (201)
2014-10-27 21:45:15,741 - bravo - INFO - +17808093927 call fired (201)
2014-10-27 21:45:16,155 - bravo - INFO - +17808093927 call fired (201)
2014-10-27 21:45:16,829 - bravo - INFO - +17808093927 call fired (201)
2014-10-27 21:45:17,163 - __main__ - INFO - 17808093927 busy (USER_BUSY)
2014-10-27 21:45:17,293 - bravo - INFO - +17808093927 call fired (201)
2014-10-27 21:45:17,372 - __main__ - INFO - 17808093927 busy (USER_BUSY)
2014-10-27 21:45:17,762 - __main__ - INFO - 17808093927 busy (USER_BUSY)
2014-10-27 21:45:18,495 - __main__ - INFO - 17808093927 busy (USER_BUSY)
2014-10-27 21:45:42,821 - __main__ - INFO - 17805550191 failed (NORMAL_TEMPORARY_FAILURE)
2014-10-27 21:45:44,933 - __main__ - INFO - 17805550111 failed (NORMAL_TEMPORARY_FAILURE)
2014-10-27 21:54:01,867 - tasks - INFO - Starting job 544984f99b93873e475b2e10
2014-10-27 21:54:02,544 - bravo - INFO - +17805550191 call fired (201)
2014-10-27 21:54:03,192 - bravo - INFO - +17805550111 call fired (201)
2014-10-27 21:54:04,033 - bravo - INFO - +17808093927 call fired (201)
2014-10-27 21:54:04,545 - bravo - INFO - +17808093927 call fired (201)
2014-10-27 21:54:04,891 - __main__ - INFO - 17808093927 busy (USER_BUSY)
2014-10-27 21:54:04,918 - __main__ - INFO - 17808093927 busy (USER_BUSY)
2014-10-27 21:54:04,922 - bravo - INFO - +17808093927 call fired (201)
2014-10-27 21:54:05,355 - bravo - INFO - +17808093927 call fired (201)
2014-10-27 21:54:05,381 - __main__ - INFO - 17808093927 busy (USER_BUSY)
2014-10-27 21:54:05,411 - __main__ - INFO - 17808093927 busy (USER_BUSY)
2014-10-27 21:54:05,890 - __main__ - INFO - 17808093927 busy (USER_BUSY)
2014-10-27 21:54:06,071 - __main__ - INFO - 17808093927 busy (USER_BUSY)
2014-10-27 21:54:06,336 - __main__ - INFO - 17808093927 busy (USER_BUSY)
2014-10-27 21:54:06,393 - __main__ - INFO - 17808093927 busy (USER_BUSY)
2014-10-27 21:54:31,705 - __main__ - INFO - 17805550111 failed (NORMAL_TEMPORARY_FAILURE)
2014-10-27 21:54:31,807 - __main__ - INFO - 17805550191 failed (NORMAL_TEMPORARY_FAILURE)
2014-10-27 22:01:57,623 - tasks - INFO - Starting job 544984f99b93873e475b2e10
2014-10-27 22:02:26,876 - __main__ - INFO - 17805550191 failed (NORMAL_TEMPORARY_FAILURE)
2014-10-27 22:02:43,800 - tasks - INFO - Starting job 544984f99b93873e475b2e10
2014-10-27 22:03:14,699 - __main__ - INFO - 17805550191 failed (NORMAL_TEMPORARY_FAILURE)
2014-10-27 22:07:50,360 - tasks - INFO - Starting job 544984f99b93873e475b2e10
2014-10-27 22:08:13,509 - __main__ - INFO - 17805550191 failed (NORMAL_TEMPORARY_FAILURE)
2014-10-27 22:10:15,556 - tasks - INFO - Starting job 544984f99b93873e475b2e10
2014-10-27 22:10:57,326 - __main__ - INFO - 17805550191 failed (NORMAL_TEMPORARY_FAILURE)
2014-10-27 22:11:35,346 - tasks - INFO - Starting job 544984f99b93873e475b2e10
2014-10-27 22:12:05,156 - __main__ - INFO - 17805550191 failed (NORMAL_TEMPORARY_FAILURE)
2014-10-27 22:13:04,157 - tasks - INFO - Starting job 544984f99b93873e475b2e10
2014-10-27 22:13:39,464 - __main__ - INFO - 17805550191 failed (NORMAL_TEMPORARY_FAILURE)
2014-10-27 22:14:34,474 - tasks - INFO - Starting job 544984f99b93873e475b2e10
2014-10-27 22:15:08,831 - __main__ - INFO - 17805550191 failed (NORMAL_TEMPORARY_FAILURE)
2014-10-27 22:16:01,442 - tasks - INFO - Starting job 544984f99b93873e475b2e10
2014-10-27 22:16:13,655 - tasks - INFO - Starting job 544984f99b93873e475b2e10
2014-10-27 22:16:30,720 - __main__ - INFO - 17805550191 failed (NORMAL_TEMPORARY_FAILURE)
2014-10-27 22:16:30,824 - __main__ - INFO - 17805550191 failed (NORMAL_TEMPORARY_FAILURE)
2014-10-27 22:18:46,944 - tasks - INFO - Starting job 544984f99b93873e475b2e10
2014-10-27 22:19:21,703 - __main__ - INFO - 17805550191 failed (NORMAL_TEMPORARY_FAILURE)
2014-10-27 22:33:25,832 - tasks - INFO - Starting job 544984f99b93873e475b2e10
2014-10-27 22:33:28,304 - __main__ - INFO - 17808093927 busy (USER_BUSY)
2014-10-27 22:33:28,399 - __main__ - INFO - 17808093927 busy (USER_BUSY)
2014-10-27 22:33:28,725 - __main__ - INFO - 17808093927 busy (USER_BUSY)
2014-10-27 22:33:28,762 - __main__ - INFO - 17808093927 busy (USER_BUSY)
2014-10-27 22:33:28,985 - __main__ - INFO - 17808093927 busy (USER_BUSY)
2014-10-27 22:33:28,999 - __main__ - INFO - 17808093927 busy (USER_BUSY)
2014-10-27 22:33:29,565 - __main__ - INFO - 17808093927 busy (USER_BUSY)
2014-10-27 22:33:29,711 - __main__ - INFO - 17808093927 busy (USER_BUSY)
2014-10-27 22:33:56,033 - __main__ - INFO - 17805550191 failed (NORMAL_TEMPORARY_FAILURE)
2014-10-27 22:33:56,040 - __main__ - INFO - 17805550111 failed (NORMAL_TEMPORARY_FAILURE)
2014-10-27 22:36:15,279 - tasks - INFO - Starting job 544984f99b93873e475b2e10
2014-10-27 22:36:18,650 - __main__ - INFO - 17808093927 busy (USER_BUSY)
2014-10-27 22:36:18,775 - __main__ - INFO - 17808093927 busy (USER_BUSY)
2014-10-27 22:36:18,803 - __main__ - INFO - 17808093927 busy (USER_BUSY)
2014-10-27 22:36:18,956 - __main__ - INFO - 17808093927 busy (USER_BUSY)
2014-10-27 22:36:19,099 - __main__ - INFO - 17808093927 busy (USER_BUSY)
2014-10-27 22:36:19,310 - __main__ - INFO - 17808093927 busy (USER_BUSY)
2014-10-27 22:36:19,315 - __main__ - INFO - 17808093927 busy (USER_BUSY)
2014-10-27 22:36:19,442 - __main__ - INFO - 17808093927 busy (USER_BUSY)
2014-10-27 22:36:45,252 - __main__ - INFO - 17805550111 failed (NORMAL_TEMPORARY_FAILURE)
2014-10-27 22:36:57,239 - __main__ - INFO - 17805550191 failed (NORMAL_TEMPORARY_FAILURE)
2014-10-27 22:48:31,448 - tasks - INFO - Starting job 544984f99b93873e475b2e10
2014-10-27 22:52:56,488 - tasks - INFO - Starting job 544984f99b93873e475b2e10
2014-10-27 22:52:57,248 - bravo - INFO - +17805550191 call fired (201)
2014-10-27 22:52:57,868 - bravo - INFO - +17805550111 call fired (201)
2014-10-27 22:52:58,192 - bravo - INFO - +17808093927 call fired (201)
2014-10-27 22:52:58,476 - bravo - INFO - +17808093927 call fired (201)
2014-10-27 22:52:58,900 - bravo - INFO - +17808093927 call fired (201)
2014-10-27 22:52:59,275 - __main__ - INFO - 17808093927 busy (USER_BUSY)
2014-10-27 22:52:59,352 - __main__ - INFO - 17808093927 busy (USER_BUSY)
2014-10-27 22:52:59,363 - __main__ - INFO - 17808093927 busy (USER_BUSY)
2014-10-27 22:52:59,368 - bravo - INFO - +17808093927 call fired (201)
2014-10-27 22:52:59,417 - bravo - ERROR - +17808093927 Call failed to dial
Traceback (most recent call last):
  File "/root/bravo/bravo.py", line 33, in dial
    logger.info('%s %s (%s)', to, response[1]['message'], response[0])
KeyError: 'message'
2014-10-27 22:52:59,531 - __main__ - INFO - 17808093927 busy (USER_BUSY)
2014-10-27 22:52:59,840 - __main__ - INFO - 17808093927 busy (USER_BUSY)
2014-10-27 22:53:00,000 - __main__ - INFO - 17808093927 busy (USER_BUSY)
2014-10-27 22:53:00,401 - __main__ - INFO - 17808093927 busy (USER_BUSY)
2014-10-27 22:53:00,425 - __main__ - INFO - 17808093927 busy (USER_BUSY)
2014-10-27 22:53:14,832 - __main__ - INFO - 17805550111 failed (NORMAL_TEMPORARY_FAILURE)
2014-10-27 22:53:21,407 - tasks - INFO - Starting job 544984f99b93873e475b2e10
2014-10-27 22:53:21,958 - bravo - INFO - +17805550191 call fired (201)
2014-10-27 22:53:22,461 - bravo - INFO - +17805550111 call fired (201)
2014-10-27 22:53:22,843 - bravo - INFO - +17808093927 call fired (201)
2014-10-27 22:53:23,321 - bravo - INFO - +17808093927 call fired (201)
2014-10-27 22:53:23,766 - __main__ - INFO - 17808093927 busy (USER_BUSY)
2014-10-27 22:53:23,804 - __main__ - INFO - 17808093927 busy (USER_BUSY)
2014-10-27 22:53:23,817 - bravo - INFO - +17808093927 call fired (201)
2014-10-27 22:53:24,330 - bravo - INFO - +17808093927 call fired (201)
2014-10-27 22:53:24,381 - bravo - ERROR - +17808093927 Call failed to dial
Traceback (most recent call last):
  File "/root/bravo/bravo.py", line 33, in dial
    logger.info('%s %s (%s)', to, response[1]['message'], response[0])
KeyError: 'message'
2014-10-27 22:53:24,384 - __main__ - INFO - 17808093927 busy (USER_BUSY)
2014-10-27 22:53:24,455 - __main__ - INFO - 17808093927 busy (USER_BUSY)
2014-10-27 22:53:24,722 - __main__ - INFO - 17808093927 busy (USER_BUSY)
2014-10-27 22:53:24,776 - __main__ - INFO - 17808093927 busy (USER_BUSY)
2014-10-27 22:53:25,405 - __main__ - INFO - 17808093927 busy (USER_BUSY)
2014-10-27 22:53:25,419 - __main__ - INFO - 17808093927 busy (USER_BUSY)
2014-10-27 22:53:26,619 - __main__ - INFO - 17805550191 failed (NORMAL_TEMPORARY_FAILURE)
2014-10-27 22:53:40,137 - __main__ - INFO - 17805550111 failed (NORMAL_TEMPORARY_FAILURE)
2014-10-27 22:53:51,226 - __main__ - INFO - 17805550191 failed (NORMAL_TEMPORARY_FAILURE)
2014-10-27 22:55:03,932 - tasks - INFO - Starting job 544984f99b93873e475b2e10
2014-10-27 22:55:04,420 - bravo - INFO - +17805550191 call fired (201)
2014-10-27 22:55:04,924 - bravo - INFO - +17805550111 call fired (201)
2014-10-27 22:55:05,440 - bravo - INFO - +17808093927 call fired (201)
2014-10-27 22:55:05,869 - bravo - INFO - +17808093927 call fired (201)
2014-10-27 22:55:06,182 - bravo - INFO - +17808093927 call fired (201)
2014-10-27 22:55:06,250 - __main__ - INFO - 17808093927 busy (USER_BUSY)
2014-10-27 22:55:06,360 - __main__ - INFO - 17808093927 busy (USER_BUSY)
2014-10-27 22:55:06,633 - bravo - INFO - +17808093927 call fired (201)
2014-10-27 22:55:06,674 - bravo - ERROR - +17808093927 Call failed to dial
Traceback (most recent call last):
  File "/root/bravo/bravo.py", line 33, in dial
    logger.info('%s %s (%s)', to, response[1]['message'], response[0])
KeyError: 'message'
2014-10-27 22:55:06,753 - __main__ - INFO - 17808093927 busy (USER_BUSY)
2014-10-27 22:55:06,840 - __main__ - INFO - 17808093927 busy (USER_BUSY)
2014-10-27 22:55:07,123 - __main__ - INFO - 17808093927 busy (USER_BUSY)
2014-10-27 22:55:07,135 - __main__ - INFO - 17808093927 busy (USER_BUSY)
2014-10-27 22:55:07,407 - __main__ - INFO - 17808093927 busy (USER_BUSY)
2014-10-27 22:55:07,505 - __main__ - INFO - 17808093927 busy (USER_BUSY)
2014-10-27 22:55:33,144 - __main__ - INFO - 17805550111 failed (NORMAL_TEMPORARY_FAILURE)
2014-10-27 22:55:33,548 - __main__ - INFO - 17805550191 failed (NORMAL_TEMPORARY_FAILURE)
2014-10-27 23:01:38,903 - tasks - INFO - Starting job 544984f99b93873e475b2e10
2014-10-27 23:01:39,527 - bravo - INFO - +17805550191 call fired (201)
2014-10-27 23:01:40,002 - bravo - INFO - +17805550111 call fired (201)
2014-10-27 23:01:40,370 - bravo - INFO - +17808093927 call fired (201)
2014-10-27 23:01:40,743 - bravo - INFO - +17808093927 call fired (201)
2014-10-27 23:01:41,095 - bravo - INFO - +17808093927 call fired (201)
2014-10-27 23:01:41,419 - __main__ - INFO - 17808093927 busy (USER_BUSY)
2014-10-27 23:01:41,442 - __main__ - INFO - 17808093927 busy (USER_BUSY)
2014-10-27 23:01:41,498 - bravo - INFO - +17808093927 call fired (201)
2014-10-27 23:01:41,545 - bravo - ERROR - +17808093927 Call failed to dial
Traceback (most recent call last):
  File "/root/bravo/bravo.py", line 33, in dial
    logger.info('%s %s (%s)', to, response[1]['message'], response[0])
KeyError: 'message'
2014-10-27 23:01:41,634 - __main__ - INFO - 17808093927 busy (USER_BUSY)
2014-10-27 23:01:41,715 - __main__ - INFO - 17808093927 busy (USER_BUSY)
2014-10-27 23:01:41,917 - __main__ - INFO - 17808093927 busy (USER_BUSY)
2014-10-27 23:01:41,990 - __main__ - INFO - 17808093927 busy (USER_BUSY)
2014-10-27 23:01:42,309 - __main__ - INFO - 17808093927 busy (USER_BUSY)
2014-10-27 23:01:42,370 - __main__ - INFO - 17808093927 busy (USER_BUSY)
2014-10-27 23:01:56,499 - __main__ - INFO - 17805550191 failed (NORMAL_TEMPORARY_FAILURE)
2014-10-27 23:02:10,831 - __main__ - INFO - 17805550111 failed (NORMAL_TEMPORARY_FAILURE)
2014-10-27 23:02:33,741 - tasks - INFO - Starting job 544984f99b93873e475b2e10
2014-10-27 23:02:34,297 - bravo - INFO - +17805550191 call fired (201)
2014-10-27 23:02:34,595 - bravo - INFO - +17805550111 call fired (201)
2014-10-27 23:02:35,005 - bravo - INFO - +17808093927 call fired (201)
2014-10-27 23:02:35,531 - bravo - INFO - +17808093927 call fired (201)
2014-10-27 23:02:35,874 - bravo - INFO - +17808093927 call fired (201)
2014-10-27 23:02:36,014 - __main__ - INFO - 17808093927 busy (USER_BUSY)
2014-10-27 23:02:36,017 - __main__ - INFO - 17808093927 busy (USER_BUSY)
2014-10-27 23:02:36,150 - bravo - INFO - +17808093927 call fired (201)
2014-10-27 23:02:36,197 - bravo - ERROR - +17808093927 Call failed to dial
Traceback (most recent call last):
  File "/root/bravo/bravo.py", line 33, in dial
    logger.info('%s %s (%s)', to, response[1]['message'], response[0])
KeyError: 'message'
2014-10-27 23:02:36,413 - __main__ - INFO - 17808093927 busy (USER_BUSY)
2014-10-27 23:02:36,710 - __main__ - INFO - 17808093927 busy (USER_BUSY)
2014-10-27 23:02:36,743 - __main__ - INFO - 17808093927 busy (USER_BUSY)
2014-10-27 23:02:36,855 - __main__ - INFO - 17808093927 busy (USER_BUSY)
2014-10-27 23:02:37,039 - __main__ - INFO - 17808093927 busy (USER_BUSY)
2014-10-27 23:02:37,068 - __main__ - INFO - 17808093927 busy (USER_BUSY)
2014-10-27 23:02:59,716 - __main__ - INFO - 17805550191 failed (NORMAL_TEMPORARY_FAILURE)
2014-10-27 23:03:04,756 - __main__ - INFO - 17805550111 failed (NORMAL_TEMPORARY_FAILURE)
2014-10-27 23:05:39,961 - tasks - INFO - Starting job 544984f99b93873e475b2e10
2014-10-27 23:05:40,423 - bravo - INFO - +17805550191 call fired (201)
2014-10-27 23:05:40,934 - bravo - INFO - +17805550111 call fired (201)
2014-10-27 23:05:41,452 - bravo - INFO - +17808093927 call fired (201)
2014-10-27 23:05:41,820 - bravo - INFO - +17808093927 call fired (201)
2014-10-27 23:05:42,265 - bravo - INFO - +17808093927 call fired (201)
2014-10-27 23:05:42,538 - __main__ - INFO - 17808093927 busy (USER_BUSY)
2014-10-27 23:05:42,542 - __main__ - INFO - 17808093927 busy (USER_BUSY)
2014-10-27 23:05:42,572 - bravo - INFO - +17808093927 call fired (201)
2014-10-27 23:05:42,614 - bravo - ERROR - +17808093927 Call failed to dial
Traceback (most recent call last):
  File "/root/bravo/bravo.py", line 33, in dial
    logger.info('%s %s (%s)', to, response[1]['message'], response[0])
KeyError: 'message'
2014-10-27 23:05:42,746 - __main__ - INFO - 17808093927 busy (USER_BUSY)
2014-10-27 23:05:42,819 - __main__ - INFO - 17808093927 busy (USER_BUSY)
2014-10-27 23:05:43,102 - __main__ - INFO - 17808093927 busy (USER_BUSY)
2014-10-27 23:05:43,226 - __main__ - INFO - 17808093927 busy (USER_BUSY)
2014-10-27 23:05:43,474 - __main__ - INFO - 17808093927 busy (USER_BUSY)
2014-10-27 23:05:43,540 - __main__ - INFO - 17808093927 busy (USER_BUSY)
2014-10-27 23:06:03,176 - tasks - INFO - Starting job 544984f99b93873e475b2e10
2014-10-27 23:06:03,822 - bravo - INFO - +17805550191 call fired (201)
2014-10-27 23:06:04,265 - bravo - INFO - +17805550111 call fired (201)
2014-10-27 23:06:04,592 - bravo - INFO - +17808093927 call fired (201)
2014-10-27 23:06:05,055 - bravo - INFO - +17808093927 call fired (201)
2014-10-27 23:06:05,518 - __main__ - INFO - 17808093927 busy (USER_BUSY)
2014-10-27 23:06:05,556 - bravo - INFO - +17808093927 call fired (201)
2014-10-27 23:06:05,640 - __main__ - INFO - 17808093927 busy (USER_BUSY)
2014-10-27 23:06:05,972 - __main__ - INFO - 17808093927 busy (USER_BUSY)
2014-10-27 23:06:06,000 - __main__ - INFO - 17808093927 busy (USER_BUSY)
2014-10-27 23:06:06,057 - bravo - INFO - +17808093927 call fired (201)
2014-10-27 23:06:06,282 - __main__ - INFO - 17805550191 failed (NORMAL_TEMPORARY_FAILURE)
2014-10-27 23:06:06,326 - __main__ - INFO - 17808093927 busy (USER_BUSY)
2014-10-27 23:06:06,357 - __main__ - INFO - 17808093927 busy (USER_BUSY)
2014-10-27 23:06:07,438 - bravo - INFO - +17808093927 call fired (201)
2014-10-27 23:06:09,357 - __main__ - INFO - +17808093927 Leaving voicemail.
2014-10-27 23:06:10,007 - __main__ - INFO - 17805550111 failed (NORMAL_TEMPORARY_FAILURE)
2014-10-27 23:06:11,687 - __main__ - INFO - +17808093927 Leaving voicemail.
2014-10-27 23:06:20,347 - __main__ - INFO - 17808093927 completed (NORMAL_CLEARING)
2014-10-27 23:06:20,425 - __main__ - INFO - 17808093927 completed (NORMAL_CLEARING)
2014-10-27 23:06:20,892 - __main__ - INFO - 17805550111 failed (NORMAL_TEMPORARY_FAILURE)
2014-10-27 23:06:22,743 - __main__ - INFO - 17808093927 completed (NORMAL_CLEARING)
2014-10-27 23:06:22,818 - __main__ - INFO - 17808093927 completed (NORMAL_CLEARING)
2014-10-27 23:06:35,954 - __main__ - INFO - 17805550191 failed (NORMAL_TEMPORARY_FAILURE)
2014-10-27 23:09:19,686 - tasks - INFO - Starting job 544984f99b93873e475b2e10
2014-10-27 23:09:20,211 - bravo - INFO - +17805550191 call fired (201)
2014-10-27 23:09:20,718 - bravo - INFO - +17805550111 call fired (201)
2014-10-27 23:09:21,116 - bravo - INFO - +17808093927 call fired (201)
2014-10-27 23:09:21,512 - bravo - INFO - +17808093927 call fired (201)
2014-10-27 23:09:21,940 - __main__ - INFO - 17808093927 busy (USER_BUSY)
2014-10-27 23:09:21,941 - bravo - INFO - +17808093927 call fired (201)
2014-10-27 23:09:22,042 - __main__ - INFO - 17808093927 busy (USER_BUSY)
2014-10-27 23:09:22,277 - bravo - INFO - +17808093927 call fired (201)
2014-10-27 23:09:22,357 - __main__ - INFO - 17808093927 busy (USER_BUSY)
2014-10-27 23:09:22,447 - __main__ - INFO - 17808093927 busy (USER_BUSY)
2014-10-27 23:09:23,505 - bravo - INFO - +17808093927 call fired (201)
2014-10-27 23:09:23,942 - bravo - INFO - +17808093927 call fired (201)
2014-10-27 23:09:24,385 - bravo - INFO - +17808093927 call fired (201)
2014-10-27 23:09:24,700 - bravo - INFO - +17808093927 call fired (201)
2014-10-27 23:09:25,049 - bravo - INFO - +17808093927 call fired (201)
2014-10-27 23:09:25,411 - __main__ - INFO - +17808093927 Leaving voicemail.
2014-10-27 23:09:25,482 - bravo - INFO - +17808093927 call fired (201)
2014-10-27 23:09:25,843 - __main__ - INFO - +17808093927 Leaving voicemail.
2014-10-27 23:09:26,939 - __main__ - INFO - +17808093927 Leaving voicemail.
2014-10-27 23:09:27,561 - __main__ - INFO - +17808093927 Leaving voicemail.
2014-10-27 23:09:28,000 - __main__ - INFO - +17808093927 Leaving voicemail.
2014-10-27 23:09:28,069 - __main__ - INFO - +17808093927 Leaving voicemail.
2014-10-27 23:09:28,751 - __main__ - INFO - +17808093927 Leaving voicemail.
2014-10-27 23:09:28,869 - __main__ - INFO - +17808093927 Leaving voicemail.
2014-10-27 23:09:36,419 - __main__ - INFO - 17808093927 completed (NORMAL_CLEARING)
2014-10-27 23:09:36,519 - __main__ - INFO - 17808093927 completed (NORMAL_CLEARING)
2014-10-27 23:09:36,612 - __main__ - INFO - 17808093927 completed (NORMAL_CLEARING)
2014-10-27 23:09:36,730 - __main__ - INFO - 17808093927 completed (NORMAL_CLEARING)
2014-10-27 23:09:37,889 - __main__ - INFO - 17808093927 completed (NORMAL_CLEARING)
2014-10-27 23:09:37,918 - __main__ - INFO - 17808093927 completed (NORMAL_CLEARING)
2014-10-27 23:09:38,343 - __main__ - INFO - 17808093927 completed (NORMAL_CLEARING)
2014-10-27 23:09:38,635 - __main__ - INFO - 17808093927 completed (NORMAL_CLEARING)
2014-10-27 23:09:38,832 - __main__ - INFO - 17808093927 completed (NORMAL_CLEARING)
2014-10-27 23:09:38,893 - __main__ - INFO - 17808093927 completed (NORMAL_CLEARING)
2014-10-27 23:09:39,117 - __main__ - INFO - 17808093927 completed (NORMAL_CLEARING)
2014-10-27 23:09:39,175 - __main__ - INFO - 17808093927 completed (NORMAL_CLEARING)
2014-10-27 23:09:39,534 - __main__ - INFO - 17808093927 completed (NORMAL_CLEARING)
2014-10-27 23:09:39,633 - __main__ - INFO - 17808093927 completed (NORMAL_CLEARING)
2014-10-27 23:09:39,704 - __main__ - INFO - 17808093927 completed (NORMAL_CLEARING)
2014-10-27 23:09:39,808 - __main__ - INFO - 17808093927 completed (NORMAL_CLEARING)
2014-10-27 23:09:48,996 - __main__ - INFO - 17805550111 failed (NORMAL_TEMPORARY_FAILURE)
2014-10-27 23:09:49,438 - __main__ - INFO - 17805550191 failed (NORMAL_TEMPORARY_FAILURE)
